#
# There is insufficient memory for the Java Runtime Environment to continue.
# Native memory allocation (mmap) failed to map 65536 bytes for Failed to commit metaspace.
# Possible reasons:
#   The system is out of physical RAM or swap space
#   The process is running with CompressedOops enabled, and the Java Heap may be blocking the growth of the native heap
# Possible solutions:
#   Reduce memory load on the system
#   Increase physical memory or swap space
#   Check if swap backing store is full
#   Decrease Java heap size (-Xmx/-Xms)
#   Decrease number of Java threads
#   Decrease Java thread stack sizes (-Xss)
#   Set larger code cache with -XX:ReservedCodeCacheSize=
#   JVM is running with Zero Based Compressed Oops mode in which the Java heap is
#     placed in the first 32GB address space. The Java Heap base address is the
#     maximum limit for the native heap growth. Please use -XX:HeapBaseMinAddress
#     to set the Java Heap base and to place the Java Heap above 32GB virtual address.
# This output file may be truncated or incomplete.
#
#  Out of Memory Error (virtualSpaceNode.cpp:110), pid=12172, tid=10564
#
# JRE version: Java(TM) SE Runtime Environment (18.0.2.1+1) (build 18.0.2.1+1-1)
# Java VM: Java HotSpot(TM) 64-Bit Server VM (18.0.2.1+1-1, mixed mode, sharing, tiered, compressed oops, compressed class ptrs, g1 gc, windows-amd64)
# No core dump will be written. Minidumps are not enabled by default on client versions of Windows
#

---------------  S U M M A R Y ------------

Command Line: -Dfile.encoding=UTF-8 --module-path=C:\Users\ashut\OneDrive\Desktop\project\Hotel management system\build\classes hotel.management.system.updateroomstatus

Host: 11th Gen Intel(R) Core(TM) i5-1135G7 @ 2.40GHz, 8 cores, 15G,  Windows 11 , 64 bit Build 22621 (10.0.22621.2361)
Time: Thu Oct  5 22:03:21 2023 India Standard Time elapsed time: 0.146851 seconds (0d 0h 0m 0s)

---------------  T H R E A D  ---------------

Current thread (0x000001bd91c0b080):  JavaThread "main" [_thread_in_vm, id=10564, stack(0x00000098d6f00000,0x00000098d7000000)]

Stack: [0x00000098d6f00000,0x00000098d7000000]
Native frames: (J=compiled Java code, j=interpreted, Vv=VM code, C=native code)
V  [jvm.dll+0x6993aa]
V  [jvm.dll+0x7f46dd]
V  [jvm.dll+0x7f5fee]
V  [jvm.dll+0x7f66a3]
V  [jvm.dll+0x25cf1f]
V  [jvm.dll+0x7f03eb]
V  [jvm.dll+0x63f526]
V  [jvm.dll+0x63f58a]
V  [jvm.dll+0x641e0e]
V  [jvm.dll+0x641cce]
V  [jvm.dll+0x63feee]
V  [jvm.dll+0x38e1f2]
V  [jvm.dll+0x1fa60b]
V  [jvm.dll+0x55dc2e]
V  [jvm.dll+0x209c17]
V  [jvm.dll+0x76dd8d]
V  [jvm.dll+0x76f0c6]
V  [jvm.dll+0x76f851]
V  [jvm.dll+0x20109f]
V  [jvm.dll+0x20380b]
V  [jvm.dll+0x1f8d61]
V  [jvm.dll+0x55dc05]
V  [jvm.dll+0x209c17]
V  [jvm.dll+0x76dd8d]
V  [jvm.dll+0x76f0c6]
V  [jvm.dll+0x76f3f8]
V  [jvm.dll+0x255346]
V  [jvm.dll+0x3a13de]
C  0x000001bd9955b817

Java frames: (J=compiled Java code, j=interpreted, Vv=VM code)
j  java.awt.Frame.<clinit>()V+16 java.desktop@18.0.2.1
v  ~StubRoutines::call_stub

---------------  P R O C E S S  ---------------

Threads class SMR info:
_java_thread_list=0x000001bdb8cf5180, length=13, elements={
0x000001bd91c0b080, 0x000001bdb48578b0, 0x000001bdb4858250, 0x000001bdb4876fe0,
0x000001bdb4877a60, 0x000001bdb487a410, 0x000001bdb487adb0, 0x000001bdb487ba80,
0x000001bdb487cc00, 0x000001bdb487dd80, 0x000001bdb483ebb0, 0x000001bdb8d13ba0,
0x000001bdb8d7f410
}

Java Threads: ( => current thread )
=>0x000001bd91c0b080 JavaThread "main" [_thread_in_vm, id=10564, stack(0x00000098d6f00000,0x00000098d7000000)]
  0x000001bdb48578b0 JavaThread "Reference Handler" daemon [_thread_blocked, id=6280, stack(0x00000098d7600000,0x00000098d7700000)]
  0x000001bdb4858250 JavaThread "Finalizer" daemon [_thread_blocked, id=13592, stack(0x00000098d7700000,0x00000098d7800000)]
  0x000001bdb4876fe0 JavaThread "Signal Dispatcher" daemon [_thread_blocked, id=23404, stack(0x00000098d7800000,0x00000098d7900000)]
  0x000001bdb4877a60 JavaThread "Attach Listener" daemon [_thread_blocked, id=18084, stack(0x00000098d7900000,0x00000098d7a00000)]
  0x000001bdb487a410 JavaThread "Service Thread" daemon [_thread_blocked, id=16964, stack(0x00000098d7a00000,0x00000098d7b00000)]
  0x000001bdb487adb0 JavaThread "Monitor Deflation Thread" daemon [_thread_blocked, id=28688, stack(0x00000098d7b00000,0x00000098d7c00000)]
  0x000001bdb487ba80 JavaThread "C2 CompilerThread0" daemon [_thread_blocked, id=4168, stack(0x00000098d7c00000,0x00000098d7d00000)]
  0x000001bdb487cc00 JavaThread "C1 CompilerThread0" daemon [_thread_in_vm, id=13668, stack(0x00000098d7d00000,0x00000098d7e00000)]
  0x000001bdb487dd80 JavaThread "Sweeper thread" daemon [_thread_blocked, id=12044, stack(0x00000098d7e00000,0x00000098d7f00000)]
  0x000001bdb483ebb0 JavaThread "Common-Cleaner" daemon [_thread_blocked, id=28588, stack(0x00000098d7f00000,0x00000098d8000000)]
  0x000001bdb8d13ba0 JavaThread "Notification Thread" daemon [_thread_blocked, id=17540, stack(0x00000098d8000000,0x00000098d8100000)]
  0x000001bdb8d7f410 JavaThread "C2 CompilerThread1" daemon [_thread_blocked, id=19316, stack(0x00000098d8200000,0x00000098d8300000)]

Other Threads:
  0x000001bdb48548b0 VMThread "VM Thread" [stack: 0x00000098d7500000,0x00000098d7600000] [id=26864]
  0x000001bdb8d14060 WatcherThread "VM Periodic Task Thread" [stack: 0x00000098d8100000,0x00000098d8200000] [id=10840]
  0x000001bd91c7bb10 WorkerThread "GC Thread#0" [stack: 0x00000098d7000000,0x00000098d7100000] [id=21948]
  0x000001bd91c8d6a0 ConcurrentGCThread "G1 Main Marker" [stack: 0x00000098d7100000,0x00000098d7200000] [id=18964]
  0x000001bd91c8e090 WorkerThread "G1 Conc#0" [stack: 0x00000098d7200000,0x00000098d7300000] [id=22292]
  0x000001bd91cce5d0 ConcurrentGCThread "G1 Refine#0" [stack: 0x00000098d7300000,0x00000098d7400000] [id=24904]
  0x000001bdb470d0e0 ConcurrentGCThread "G1 Service" [stack: 0x00000098d7400000,0x00000098d7500000] [id=26520]

Threads with active compile tasks:
C1 CompilerThread0      176  324       3       sun.invoke.util.Wrapper::forPrimitiveType (49 bytes)

VM state: not at safepoint (normal execution)

VM Mutex/Monitor currently owned by a thread:  ([mutex/lock_event])
[0x000001bd91c06730] Metaspace_lock - owner thread: 0x000001bd91c0b080
[0x000001bd91c07d70] MethodData_lock - owner thread: 0x000001bdb487cc00

Heap address: 0x0000000703a00000, size: 4038 MB, Compressed Oops mode: Zero based, Oop shift amount: 3

CDS archive(s) mapped at: [0x0000000800000000-0x0000000800ba0000-0x0000000800ba0000), size 12189696, SharedBaseAddress: 0x0000000800000000, ArchiveRelocationMode: 0.
Compressed class space mapped at: 0x0000000800c00000-0x0000000840c00000, reserved size: 1073741824
Narrow klass base: 0x0000000800000000, Narrow klass shift: 0, Narrow klass range: 0x100000000

GC Precious Log:
 CardTable entry size: 512
 Card Set container configuration: InlinePtr #cards 4 size 8 Array Of Cards #cards 16 size 48 Howl #buckets 8 coarsen threshold 3686 Howl Bitmap #cards 512 size 80 coarsen threshold 460 Card regions per heap region 1 cards per card region 4096
 CPUs: 8 total, 8 available
 Memory: 16149M
 Large Page Support: Disabled
 NUMA Support: Disabled
 Compressed Oops: Enabled (Zero based)
 Heap Region Size: 2M
 Heap Min Capacity: 8M
 Heap Initial Capacity: 254M
 Heap Max Capacity: 4038M
 Pre-touch: Disabled
 Parallel Workers: 8
 Concurrent Workers: 2
 Concurrent Refinement Workers: 8
 Periodic GC: Disabled

Heap:
 garbage-first heap   total 260096K, used 2048K [0x0000000703a00000, 0x0000000800000000)
  region size 2048K, 2 young (4096K), 0 survivors (0K)
 Metaspace       used 1599K, committed 1728K, reserved 1114112K
  class space    used 142K, committed 192K, reserved 1048576K

Heap Regions: E=young(eden), S=young(survivor), O=old, HS=humongous(starts), HC=humongous(continues), CS=collection set, F=free, OA=open archive, CA=closed archive, TAMS=top-at-mark-start (previous, next)
|   0|0x0000000703a00000, 0x0000000703a00000, 0x0000000703c00000|  0%| F|  |TAMS 0x0000000703a00000, 0x0000000703a00000| Untracked 
|   1|0x0000000703c00000, 0x0000000703c00000, 0x0000000703e00000|  0%| F|  |TAMS 0x0000000703c00000, 0x0000000703c00000| Untracked 
|   2|0x0000000703e00000, 0x0000000703e00000, 0x0000000704000000|  0%| F|  |TAMS 0x0000000703e00000, 0x0000000703e00000| Untracked 
|   3|0x0000000704000000, 0x0000000704000000, 0x0000000704200000|  0%| F|  |TAMS 0x0000000704000000, 0x0000000704000000| Untracked 
|   4|0x0000000704200000, 0x0000000704200000, 0x0000000704400000|  0%| F|  |TAMS 0x0000000704200000, 0x0000000704200000| Untracked 
|   5|0x0000000704400000, 0x0000000704400000, 0x0000000704600000|  0%| F|  |TAMS 0x0000000704400000, 0x0000000704400000| Untracked 
|   6|0x0000000704600000, 0x0000000704600000, 0x0000000704800000|  0%| F|  |TAMS 0x0000000704600000, 0x0000000704600000| Untracked 
|   7|0x0000000704800000, 0x0000000704800000, 0x0000000704a00000|  0%| F|  |TAMS 0x0000000704800000, 0x0000000704800000| Untracked 
|   8|0x0000000704a00000, 0x0000000704a00000, 0x0000000704c00000|  0%| F|  |TAMS 0x0000000704a00000, 0x0000000704a00000| Untracked 
|   9|0x0000000704c00000, 0x0000000704c00000, 0x0000000704e00000|  0%| F|  |TAMS 0x0000000704c00000, 0x0000000704c00000| Untracked 
|  10|0x0000000704e00000, 0x0000000704e00000, 0x0000000705000000|  0%| F|  |TAMS 0x0000000704e00000, 0x0000000704e00000| Untracked 
|  11|0x0000000705000000, 0x0000000705000000, 0x0000000705200000|  0%| F|  |TAMS 0x0000000705000000, 0x0000000705000000| Untracked 
|  12|0x0000000705200000, 0x0000000705200000, 0x0000000705400000|  0%| F|  |TAMS 0x0000000705200000, 0x0000000705200000| Untracked 
|  13|0x0000000705400000, 0x0000000705400000, 0x0000000705600000|  0%| F|  |TAMS 0x0000000705400000, 0x0000000705400000| Untracked 
|  14|0x0000000705600000, 0x0000000705600000, 0x0000000705800000|  0%| F|  |TAMS 0x0000000705600000, 0x0000000705600000| Untracked 
|  15|0x0000000705800000, 0x0000000705800000, 0x0000000705a00000|  0%| F|  |TAMS 0x0000000705800000, 0x0000000705800000| Untracked 
|  16|0x0000000705a00000, 0x0000000705a00000, 0x0000000705c00000|  0%| F|  |TAMS 0x0000000705a00000, 0x0000000705a00000| Untracked 
|  17|0x0000000705c00000, 0x0000000705c00000, 0x0000000705e00000|  0%| F|  |TAMS 0x0000000705c00000, 0x0000000705c00000| Untracked 
|  18|0x0000000705e00000, 0x0000000705e00000, 0x0000000706000000|  0%| F|  |TAMS 0x0000000705e00000, 0x0000000705e00000| Untracked 
|  19|0x0000000706000000, 0x0000000706000000, 0x0000000706200000|  0%| F|  |TAMS 0x0000000706000000, 0x0000000706000000| Untracked 
|  20|0x0000000706200000, 0x0000000706200000, 0x0000000706400000|  0%| F|  |TAMS 0x0000000706200000, 0x0000000706200000| Untracked 
|  21|0x0000000706400000, 0x0000000706400000, 0x0000000706600000|  0%| F|  |TAMS 0x0000000706400000, 0x0000000706400000| Untracked 
|  22|0x0000000706600000, 0x0000000706600000, 0x0000000706800000|  0%| F|  |TAMS 0x0000000706600000, 0x0000000706600000| Untracked 
|  23|0x0000000706800000, 0x0000000706800000, 0x0000000706a00000|  0%| F|  |TAMS 0x0000000706800000, 0x0000000706800000| Untracked 
|  24|0x0000000706a00000, 0x0000000706a00000, 0x0000000706c00000|  0%| F|  |TAMS 0x0000000706a00000, 0x0000000706a00000| Untracked 
|  25|0x0000000706c00000, 0x0000000706c00000, 0x0000000706e00000|  0%| F|  |TAMS 0x0000000706c00000, 0x0000000706c00000| Untracked 
|  26|0x0000000706e00000, 0x0000000706e00000, 0x0000000707000000|  0%| F|  |TAMS 0x0000000706e00000, 0x0000000706e00000| Untracked 
|  27|0x0000000707000000, 0x0000000707000000, 0x0000000707200000|  0%| F|  |TAMS 0x0000000707000000, 0x0000000707000000| Untracked 
|  28|0x0000000707200000, 0x0000000707200000, 0x0000000707400000|  0%| F|  |TAMS 0x0000000707200000, 0x0000000707200000| Untracked 
|  29|0x0000000707400000, 0x0000000707400000, 0x0000000707600000|  0%| F|  |TAMS 0x0000000707400000, 0x0000000707400000| Untracked 
|  30|0x0000000707600000, 0x0000000707600000, 0x0000000707800000|  0%| F|  |TAMS 0x0000000707600000, 0x0000000707600000| Untracked 
|  31|0x0000000707800000, 0x0000000707800000, 0x0000000707a00000|  0%| F|  |TAMS 0x0000000707800000, 0x0000000707800000| Untracked 
|  32|0x0000000707a00000, 0x0000000707a00000, 0x0000000707c00000|  0%| F|  |TAMS 0x0000000707a00000, 0x0000000707a00000| Untracked 
|  33|0x0000000707c00000, 0x0000000707c00000, 0x0000000707e00000|  0%| F|  |TAMS 0x0000000707c00000, 0x0000000707c00000| Untracked 
|  34|0x0000000707e00000, 0x0000000707e00000, 0x0000000708000000|  0%| F|  |TAMS 0x0000000707e00000, 0x0000000707e00000| Untracked 
|  35|0x0000000708000000, 0x0000000708000000, 0x0000000708200000|  0%| F|  |TAMS 0x0000000708000000, 0x0000000708000000| Untracked 
|  36|0x0000000708200000, 0x0000000708200000, 0x0000000708400000|  0%| F|  |TAMS 0x0000000708200000, 0x0000000708200000| Untracked 
|  37|0x0000000708400000, 0x0000000708400000, 0x0000000708600000|  0%| F|  |TAMS 0x0000000708400000, 0x0000000708400000| Untracked 
|  38|0x0000000708600000, 0x0000000708600000, 0x0000000708800000|  0%| F|  |TAMS 0x0000000708600000, 0x0000000708600000| Untracked 
|  39|0x0000000708800000, 0x0000000708800000, 0x0000000708a00000|  0%| F|  |TAMS 0x0000000708800000, 0x0000000708800000| Untracked 
|  40|0x0000000708a00000, 0x0000000708a00000, 0x0000000708c00000|  0%| F|  |TAMS 0x0000000708a00000, 0x0000000708a00000| Untracked 
|  41|0x0000000708c00000, 0x0000000708c00000, 0x0000000708e00000|  0%| F|  |TAMS 0x0000000708c00000, 0x0000000708c00000| Untracked 
|  42|0x0000000708e00000, 0x0000000708e00000, 0x0000000709000000|  0%| F|  |TAMS 0x0000000708e00000, 0x0000000708e00000| Untracked 
|  43|0x0000000709000000, 0x0000000709000000, 0x0000000709200000|  0%| F|  |TAMS 0x0000000709000000, 0x0000000709000000| Untracked 
|  44|0x0000000709200000, 0x0000000709200000, 0x0000000709400000|  0%| F|  |TAMS 0x0000000709200000, 0x0000000709200000| Untracked 
|  45|0x0000000709400000, 0x0000000709400000, 0x0000000709600000|  0%| F|  |TAMS 0x0000000709400000, 0x0000000709400000| Untracked 
|  46|0x0000000709600000, 0x0000000709600000, 0x0000000709800000|  0%| F|  |TAMS 0x0000000709600000, 0x0000000709600000| Untracked 
|  47|0x0000000709800000, 0x0000000709800000, 0x0000000709a00000|  0%| F|  |TAMS 0x0000000709800000, 0x0000000709800000| Untracked 
|  48|0x0000000709a00000, 0x0000000709a00000, 0x0000000709c00000|  0%| F|  |TAMS 0x0000000709a00000, 0x0000000709a00000| Untracked 
|  49|0x0000000709c00000, 0x0000000709c00000, 0x0000000709e00000|  0%| F|  |TAMS 0x0000000709c00000, 0x0000000709c00000| Untracked 
|  50|0x0000000709e00000, 0x0000000709e00000, 0x000000070a000000|  0%| F|  |TAMS 0x0000000709e00000, 0x0000000709e00000| Untracked 
|  51|0x000000070a000000, 0x000000070a000000, 0x000000070a200000|  0%| F|  |TAMS 0x000000070a000000, 0x000000070a000000| Untracked 
|  52|0x000000070a200000, 0x000000070a200000, 0x000000070a400000|  0%| F|  |TAMS 0x000000070a200000, 0x000000070a200000| Untracked 
|  53|0x000000070a400000, 0x000000070a400000, 0x000000070a600000|  0%| F|  |TAMS 0x000000070a400000, 0x000000070a400000| Untracked 
|  54|0x000000070a600000, 0x000000070a600000, 0x000000070a800000|  0%| F|  |TAMS 0x000000070a600000, 0x000000070a600000| Untracked 
|  55|0x000000070a800000, 0x000000070a800000, 0x000000070aa00000|  0%| F|  |TAMS 0x000000070a800000, 0x000000070a800000| Untracked 
|  56|0x000000070aa00000, 0x000000070aa00000, 0x000000070ac00000|  0%| F|  |TAMS 0x000000070aa00000, 0x000000070aa00000| Untracked 
|  57|0x000000070ac00000, 0x000000070ac00000, 0x000000070ae00000|  0%| F|  |TAMS 0x000000070ac00000, 0x000000070ac00000| Untracked 
|  58|0x000000070ae00000, 0x000000070ae00000, 0x000000070b000000|  0%| F|  |TAMS 0x000000070ae00000, 0x000000070ae00000| Untracked 
|  59|0x000000070b000000, 0x000000070b000000, 0x000000070b200000|  0%| F|  |TAMS 0x000000070b000000, 0x000000070b000000| Untracked 
|  60|0x000000070b200000, 0x000000070b200000, 0x000000070b400000|  0%| F|  |TAMS 0x000000070b200000, 0x000000070b200000| Untracked 
|  61|0x000000070b400000, 0x000000070b400000, 0x000000070b600000|  0%| F|  |TAMS 0x000000070b400000, 0x000000070b400000| Untracked 
|  62|0x000000070b600000, 0x000000070b600000, 0x000000070b800000|  0%| F|  |TAMS 0x000000070b600000, 0x000000070b600000| Untracked 
|  63|0x000000070b800000, 0x000000070b800000, 0x000000070ba00000|  0%| F|  |TAMS 0x000000070b800000, 0x000000070b800000| Untracked 
|  64|0x000000070ba00000, 0x000000070ba00000, 0x000000070bc00000|  0%| F|  |TAMS 0x000000070ba00000, 0x000000070ba00000| Untracked 
|  65|0x000000070bc00000, 0x000000070bc00000, 0x000000070be00000|  0%| F|  |TAMS 0x000000070bc00000, 0x000000070bc00000| Untracked 
|  66|0x000000070be00000, 0x000000070be00000, 0x000000070c000000|  0%| F|  |TAMS 0x000000070be00000, 0x000000070be00000| Untracked 
|  67|0x000000070c000000, 0x000000070c000000, 0x000000070c200000|  0%| F|  |TAMS 0x000000070c000000, 0x000000070c000000| Untracked 
|  68|0x000000070c200000, 0x000000070c200000, 0x000000070c400000|  0%| F|  |TAMS 0x000000070c200000, 0x000000070c200000| Untracked 
|  69|0x000000070c400000, 0x000000070c400000, 0x000000070c600000|  0%| F|  |TAMS 0x000000070c400000, 0x000000070c400000| Untracked 
|  70|0x000000070c600000, 0x000000070c600000, 0x000000070c800000|  0%| F|  |TAMS 0x000000070c600000, 0x000000070c600000| Untracked 
|  71|0x000000070c800000, 0x000000070c800000, 0x000000070ca00000|  0%| F|  |TAMS 0x000000070c800000, 0x000000070c800000| Untracked 
|  72|0x000000070ca00000, 0x000000070ca00000, 0x000000070cc00000|  0%| F|  |TAMS 0x000000070ca00000, 0x000000070ca00000| Untracked 
|  73|0x000000070cc00000, 0x000000070cc00000, 0x000000070ce00000|  0%| F|  |TAMS 0x000000070cc00000, 0x000000070cc00000| Untracked 
|  74|0x000000070ce00000, 0x000000070ce00000, 0x000000070d000000|  0%| F|  |TAMS 0x000000070ce00000, 0x000000070ce00000| Untracked 
|  75|0x000000070d000000, 0x000000070d000000, 0x000000070d200000|  0%| F|  |TAMS 0x000000070d000000, 0x000000070d000000| Untracked 
|  76|0x000000070d200000, 0x000000070d200000, 0x000000070d400000|  0%| F|  |TAMS 0x000000070d200000, 0x000000070d200000| Untracked 
|  77|0x000000070d400000, 0x000000070d400000, 0x000000070d600000|  0%| F|  |TAMS 0x000000070d400000, 0x000000070d400000| Untracked 
|  78|0x000000070d600000, 0x000000070d600000, 0x000000070d800000|  0%| F|  |TAMS 0x000000070d600000, 0x000000070d600000| Untracked 
|  79|0x000000070d800000, 0x000000070d800000, 0x000000070da00000|  0%| F|  |TAMS 0x000000070d800000, 0x000000070d800000| Untracked 
|  80|0x000000070da00000, 0x000000070da00000, 0x000000070dc00000|  0%| F|  |TAMS 0x000000070da00000, 0x000000070da00000| Untracked 
|  81|0x000000070dc00000, 0x000000070dc00000, 0x000000070de00000|  0%| F|  |TAMS 0x000000070dc00000, 0x000000070dc00000| Untracked 
|  82|0x000000070de00000, 0x000000070de00000, 0x000000070e000000|  0%| F|  |TAMS 0x000000070de00000, 0x000000070de00000| Untracked 
|  83|0x000000070e000000, 0x000000070e000000, 0x000000070e200000|  0%| F|  |TAMS 0x000000070e000000, 0x000000070e000000| Untracked 
|  84|0x000000070e200000, 0x000000070e200000, 0x000000070e400000|  0%| F|  |TAMS 0x000000070e200000, 0x000000070e200000| Untracked 
|  85|0x000000070e400000, 0x000000070e400000, 0x000000070e600000|  0%| F|  |TAMS 0x000000070e400000, 0x000000070e400000| Untracked 
|  86|0x000000070e600000, 0x000000070e600000, 0x000000070e800000|  0%| F|  |TAMS 0x000000070e600000, 0x000000070e600000| Untracked 
|  87|0x000000070e800000, 0x000000070e800000, 0x000000070ea00000|  0%| F|  |TAMS 0x000000070e800000, 0x000000070e800000| Untracked 
|  88|0x000000070ea00000, 0x000000070ea00000, 0x000000070ec00000|  0%| F|  |TAMS 0x000000070ea00000, 0x000000070ea00000| Untracked 
|  89|0x000000070ec00000, 0x000000070ec00000, 0x000000070ee00000|  0%| F|  |TAMS 0x000000070ec00000, 0x000000070ec00000| Untracked 
|  90|0x000000070ee00000, 0x000000070ee00000, 0x000000070f000000|  0%| F|  |TAMS 0x000000070ee00000, 0x000000070ee00000| Untracked 
|  91|0x000000070f000000, 0x000000070f000000, 0x000000070f200000|  0%| F|  |TAMS 0x000000070f000000, 0x000000070f000000| Untracked 
|  92|0x000000070f200000, 0x000000070f200000, 0x000000070f400000|  0%| F|  |TAMS 0x000000070f200000, 0x000000070f200000| Untracked 
|  93|0x000000070f400000, 0x000000070f400000, 0x000000070f600000|  0%| F|  |TAMS 0x000000070f400000, 0x000000070f400000| Untracked 
|  94|0x000000070f600000, 0x000000070f600000, 0x000000070f800000|  0%| F|  |TAMS 0x000000070f600000, 0x000000070f600000| Untracked 
|  95|0x000000070f800000, 0x000000070f800000, 0x000000070fa00000|  0%| F|  |TAMS 0x000000070f800000, 0x000000070f800000| Untracked 
|  96|0x000000070fa00000, 0x000000070fa00000, 0x000000070fc00000|  0%| F|  |TAMS 0x000000070fa00000, 0x000000070fa00000| Untracked 
|  97|0x000000070fc00000, 0x000000070fc00000, 0x000000070fe00000|  0%| F|  |TAMS 0x000000070fc00000, 0x000000070fc00000| Untracked 
|  98|0x000000070fe00000, 0x000000070fe00000, 0x0000000710000000|  0%| F|  |TAMS 0x000000070fe00000, 0x000000070fe00000| Untracked 
|  99|0x0000000710000000, 0x0000000710000000, 0x0000000710200000|  0%| F|  |TAMS 0x0000000710000000, 0x0000000710000000| Untracked 
| 100|0x0000000710200000, 0x0000000710200000, 0x0000000710400000|  0%| F|  |TAMS 0x0000000710200000, 0x0000000710200000| Untracked 
| 101|0x0000000710400000, 0x0000000710400000, 0x0000000710600000|  0%| F|  |TAMS 0x0000000710400000, 0x0000000710400000| Untracked 
| 102|0x0000000710600000, 0x0000000710600000, 0x0000000710800000|  0%| F|  |TAMS 0x0000000710600000, 0x0000000710600000| Untracked 
| 103|0x0000000710800000, 0x0000000710800000, 0x0000000710a00000|  0%| F|  |TAMS 0x0000000710800000, 0x0000000710800000| Untracked 
| 104|0x0000000710a00000, 0x0000000710a00000, 0x0000000710c00000|  0%| F|  |TAMS 0x0000000710a00000, 0x0000000710a00000| Untracked 
| 105|0x0000000710c00000, 0x0000000710c00000, 0x0000000710e00000|  0%| F|  |TAMS 0x0000000710c00000, 0x0000000710c00000| Untracked 
| 106|0x0000000710e00000, 0x0000000710e00000, 0x0000000711000000|  0%| F|  |TAMS 0x0000000710e00000, 0x0000000710e00000| Untracked 
| 107|0x0000000711000000, 0x0000000711000000, 0x0000000711200000|  0%| F|  |TAMS 0x0000000711000000, 0x0000000711000000| Untracked 
| 108|0x0000000711200000, 0x0000000711200000, 0x0000000711400000|  0%| F|  |TAMS 0x0000000711200000, 0x0000000711200000| Untracked 
| 109|0x0000000711400000, 0x0000000711400000, 0x0000000711600000|  0%| F|  |TAMS 0x0000000711400000, 0x0000000711400000| Untracked 
| 110|0x0000000711600000, 0x0000000711600000, 0x0000000711800000|  0%| F|  |TAMS 0x0000000711600000, 0x0000000711600000| Untracked 
| 111|0x0000000711800000, 0x0000000711800000, 0x0000000711a00000|  0%| F|  |TAMS 0x0000000711800000, 0x0000000711800000| Untracked 
| 112|0x0000000711a00000, 0x0000000711a00000, 0x0000000711c00000|  0%| F|  |TAMS 0x0000000711a00000, 0x0000000711a00000| Untracked 
| 113|0x0000000711c00000, 0x0000000711c00000, 0x0000000711e00000|  0%| F|  |TAMS 0x0000000711c00000, 0x0000000711c00000| Untracked 
| 114|0x0000000711e00000, 0x0000000711e00000, 0x0000000712000000|  0%| F|  |TAMS 0x0000000711e00000, 0x0000000711e00000| Untracked 
| 115|0x0000000712000000, 0x0000000712000000, 0x0000000712200000|  0%| F|  |TAMS 0x0000000712000000, 0x0000000712000000| Untracked 
| 116|0x0000000712200000, 0x0000000712200000, 0x0000000712400000|  0%| F|  |TAMS 0x0000000712200000, 0x0000000712200000| Untracked 
| 117|0x0000000712400000, 0x0000000712400000, 0x0000000712600000|  0%| F|  |TAMS 0x0000000712400000, 0x0000000712400000| Untracked 
| 118|0x0000000712600000, 0x0000000712600000, 0x0000000712800000|  0%| F|  |TAMS 0x0000000712600000, 0x0000000712600000| Untracked 
| 119|0x0000000712800000, 0x0000000712800000, 0x0000000712a00000|  0%| F|  |TAMS 0x0000000712800000, 0x0000000712800000| Untracked 
| 120|0x0000000712a00000, 0x0000000712a00000, 0x0000000712c00000|  0%| F|  |TAMS 0x0000000712a00000, 0x0000000712a00000| Untracked 
| 121|0x0000000712c00000, 0x0000000712c00000, 0x0000000712e00000|  0%| F|  |TAMS 0x0000000712c00000, 0x0000000712c00000| Untracked 
| 122|0x0000000712e00000, 0x0000000712e00000, 0x0000000713000000|  0%| F|  |TAMS 0x0000000712e00000, 0x0000000712e00000| Untracked 
| 123|0x0000000713000000, 0x0000000713000000, 0x0000000713200000|  0%| F|  |TAMS 0x0000000713000000, 0x0000000713000000| Untracked 
| 124|0x0000000713200000, 0x0000000713200000, 0x0000000713400000|  0%| F|  |TAMS 0x0000000713200000, 0x0000000713200000| Untracked 
| 125|0x0000000713400000, 0x0000000713553450, 0x0000000713600000| 66%| E|  |TAMS 0x0000000713400000, 0x0000000713400000| Complete 
| 126|0x0000000713600000, 0x0000000713800000, 0x0000000713800000|100%| E|CS|TAMS 0x0000000713600000, 0x0000000713600000| Complete 

Card table byte_map: [0x000001bda9060000,0x000001bda9850000] _byte_map_base: 0x000001bda5843000

Marking Bits (Prev, Next): (CMBitMap*) 0x000001bd91c7c110, (CMBitMap*) 0x000001bd91c7c150
 Prev Bits: [0x000001bdaa040000, 0x000001bdadf58000)
 Next Bits: [0x000001bdadf60000, 0x000001bdb1e78000)

Polling page: 0x000001bd8fbf0000

Metaspace:

Usage:
  Non-class:      1.42 MB used.
      Class:    142.39 KB used.
       Both:      1.56 MB used.

Virtual space:
  Non-class space:       64.00 MB reserved,       1.50 MB (  2%) committed,  1 nodes.
      Class space:        1.00 GB reserved,     192.00 KB ( <1%) committed,  1 nodes.
             Both:        1.06 GB reserved,       1.69 MB ( <1%) committed. 

Chunk freelists:
   Non-Class:  3.95 MB
       Class:  3.72 MB
        Both:  7.67 MB

MaxMetaspaceSize: unlimited
CompressedClassSpaceSize: 1.00 GB
Initial GC threshold: 21.00 MB
Current GC threshold: 21.00 MB
CDS: on
MetaspaceReclaimPolicy: balanced
 - commit_granule_bytes: 65536.
 - commit_granule_words: 8192.
 - virtual_space_node_default_size: 8388608.
 - enlarge_chunks_in_place: 1.
 - new_chunks_are_fully_committed: 0.
 - uncommit_free_chunks: 1.
 - use_allocation_guard: 0.


Internal statistics:

num_allocs_failed_limit: 0.
num_arena_births: 46.
num_arena_deaths: 0.
num_vsnodes_births: 2.
num_vsnodes_deaths: 0.
num_space_committed: 27.
num_space_uncommitted: 0.
num_chunks_returned_to_freelist: 0.
num_chunks_taken_from_freelist: 49.
num_chunk_merges: 0.
num_chunk_splits: 34.
num_chunks_enlarged: 21.
num_inconsistent_stats: 0.

CodeHeap 'non-profiled nmethods': size=120000Kb used=107Kb max_used=107Kb free=119892Kb
 bounds [0x000001bda1010000, 0x000001bda1280000, 0x000001bda8540000]
CodeHeap 'profiled nmethods': size=120000Kb used=379Kb max_used=379Kb free=119620Kb
 bounds [0x000001bd99ae0000, 0x000001bd99d50000, 0x000001bda1010000]
CodeHeap 'non-nmethods': size=5760Kb used=1151Kb max_used=1151Kb free=4608Kb
 bounds [0x000001bd99540000, 0x000001bd997b0000, 0x000001bd99ae0000]
 total_blobs=736 nmethods=323 adapters=326
 compilation: enabled
              stopped_count=0, restarted_count=0
 full_count=0

Compilation events (20 events):
Event: 0.137 Thread 0x000001bdb487cc00 nmethod 314 0x000001bd99b3b210 code [0x000001bd99b3b3a0, 0x000001bd99b3b4d8]
Event: 0.137 Thread 0x000001bdb487cc00  307       3       jdk.internal.org.objectweb.asm.Frame::push (109 bytes)
Event: 0.137 Thread 0x000001bdb487cc00 nmethod 307 0x000001bd99b3b590 code [0x000001bd99b3b760, 0x000001bd99b3bd08]
Event: 0.137 Thread 0x000001bdb487cc00  313       3       java.util.Arrays::copyOf (40 bytes)
Event: 0.138 Thread 0x000001bdb487cc00 nmethod 313 0x000001bd99b3bf10 code [0x000001bd99b3c100, 0x000001bd99b3c7e8]
Event: 0.138 Thread 0x000001bdb487cc00  311       1       java.lang.invoke.LambdaForm$Name::type (5 bytes)
Event: 0.138 Thread 0x000001bdb487cc00 nmethod 311 0x000001bda102aa10 code [0x000001bda102aba0, 0x000001bda102ac78]
Event: 0.138 Thread 0x000001bdb487cc00  309       3       java.lang.invoke.LambdaForm::parameterType (9 bytes)
Event: 0.138 Thread 0x000001bdb487cc00 nmethod 309 0x000001bd99b3ca10 code [0x000001bd99b3cbc0, 0x000001bd99b3cd08]
Event: 0.138 Thread 0x000001bdb487cc00  318       3       java.util.ImmutableCollections$ListN::size (6 bytes)
Event: 0.138 Thread 0x000001bdb487cc00 nmethod 318 0x000001bd99b3ce10 code [0x000001bd99b3cfa0, 0x000001bd99b3d0b8]
Event: 0.138 Thread 0x000001bdb487cc00  319       3       java.lang.invoke.LambdaForm$Name::isParam (13 bytes)
Event: 0.138 Thread 0x000001bdb487cc00 nmethod 319 0x000001bd99b3d190 code [0x000001bd99b3d320, 0x000001bd99b3d498]
Event: 0.138 Thread 0x000001bdb487cc00  321       3       jdk.internal.org.objectweb.asm.ByteVector::put12 (64 bytes)
Event: 0.138 Thread 0x000001bdb487cc00 nmethod 321 0x000001bd99b3d510 code [0x000001bd99b3d6c0, 0x000001bd99b3d908]
Event: 0.138 Thread 0x000001bdb487cc00  322       3       jdk.internal.org.objectweb.asm.MethodWriter::visitVarInsn (302 bytes)
Event: 0.139 Thread 0x000001bdb487cc00 nmethod 322 0x000001bd99b3da90 code [0x000001bd99b3dce0, 0x000001bd99b3e688]
Event: 0.139 Thread 0x000001bdb487cc00  323       3       java.lang.invoke.LambdaForm$NamedFunction::methodType (23 bytes)
Event: 0.139 Thread 0x000001bdb487cc00 nmethod 323 0x000001bd99b3e910 code [0x000001bd99b3eac0, 0x000001bd99b3ed28]
Event: 0.144 Thread 0x000001bdb487cc00  324       3       sun.invoke.util.Wrapper::forPrimitiveType (49 bytes)

GC Heap History (0 events):
No events

Deoptimization events (0 events):
No events

Classes loaded (20 events):
Event: 0.143 Loading class java/awt/Dimension
Event: 0.143 Loading class java/awt/geom/Dimension2D
Event: 0.143 Loading class java/awt/geom/Dimension2D done
Event: 0.143 Loading class java/awt/Dimension done
Event: 0.143 Loading class java/awt/Container$1
Event: 0.143 Loading class sun/awt/AWTAccessor$ContainerAccessor
Event: 0.143 Loading class sun/awt/AWTAccessor$ContainerAccessor done
Event: 0.143 Loading class java/awt/Container$1 done
Event: 0.143 Loading class sun/awt/util/IdentityArrayList
Event: 0.143 Loading class sun/awt/util/IdentityArrayList done
Event: 0.143 Loading class java/awt/Window$Type
Event: 0.143 Loading class java/awt/Window$Type done
Event: 0.143 Loading class java/util/concurrent/atomic/AtomicBoolean
Event: 0.143 Loading class java/util/concurrent/atomic/AtomicBoolean done
Event: 0.144 Loading class java/awt/Window$1
Event: 0.144 Loading class sun/awt/AWTAccessor$WindowAccessor
Event: 0.144 Loading class sun/awt/AWTAccessor$WindowAccessor done
Event: 0.144 Loading class java/awt/Window$1 done
Event: 0.144 Loading class java/awt/Frame$1
Event: 0.144 Loading class sun/awt/AWTAccessor$FrameAccessor

Classes unloaded (0 events):
No events

Classes redefined (0 events):
No events

Internal exceptions (7 events):
Event: 0.077 Thread 0x000001bd91c0b080 Exception <a 'sun/nio/fs/WindowsException'{0x00000007137303a0}> (0x00000007137303a0) 
thrown [s\open\src\hotspot\share\prims\jni.cpp, line 516]
Event: 0.077 Thread 0x000001bd91c0b080 Exception <a 'sun/nio/fs/WindowsException'{0x0000000713730910}> (0x0000000713730910) 
thrown [s\open\src\hotspot\share\prims\jni.cpp, line 516]
Event: 0.078 Thread 0x000001bd91c0b080 Exception <a 'sun/nio/fs/WindowsException'{0x0000000713732d10}> (0x0000000713732d10) 
thrown [s\open\src\hotspot\share\prims\jni.cpp, line 516]
Event: 0.078 Thread 0x000001bd91c0b080 Exception <a 'sun/nio/fs/WindowsException'{0x0000000713733808}> (0x0000000713733808) 
thrown [s\open\src\hotspot\share\prims\jni.cpp, line 516]
Event: 0.117 Thread 0x000001bd91c0b080 Exception <a 'java/lang/ClassNotFoundException'{0x00000007134697b8}: sun/awt/resources/spi/awtProvider> (0x00000007134697b8) 
thrown [s\open\src\hotspot\share\classfile\systemDictionary.cpp, line 255]
Event: 0.133 Thread 0x000001bd91c0b080 Exception <a 'java/io/FileNotFoundException'{0x00000007134bd8e8}> (0x00000007134bd8e8) 
thrown [s\open\src\hotspot\share\prims\jni.cpp, line 516]
Event: 0.138 Thread 0x000001bd91c0b080 Exception <a 'java/io/FileNotFoundException'{0x00000007134eaf48}> (0x00000007134eaf48) 
thrown [s\open\src\hotspot\share\prims\jni.cpp, line 516]

VM Operations (2 events):
Event: 0.079 Executing VM operation: HandshakeAllThreads
Event: 0.080 Executing VM operation: HandshakeAllThreads done

Events (20 events):
Event: 0.013 Loaded shared library C:\Program Files\Java\jdk-18.0.2.1\bin\java.dll
Event: 0.028 Loaded shared library C:\Program Files\Java\jdk-18.0.2.1\bin\jsvml.dll
Event: 0.029 Thread 0x000001bd91c0b080 Thread added: 0x000001bd91c0b080
Event: 0.031 Thread 0x000001bdb48578b0 Thread added: 0x000001bdb48578b0
Event: 0.031 Thread 0x000001bdb4858250 Thread added: 0x000001bdb4858250
Event: 0.041 Thread 0x000001bdb4876fe0 Thread added: 0x000001bdb4876fe0
Event: 0.041 Thread 0x000001bdb4877a60 Thread added: 0x000001bdb4877a60
Event: 0.041 Thread 0x000001bdb487a410 Thread added: 0x000001bdb487a410
Event: 0.041 Thread 0x000001bdb487adb0 Thread added: 0x000001bdb487adb0
Event: 0.041 Thread 0x000001bdb487ba80 Thread added: 0x000001bdb487ba80
Event: 0.041 Thread 0x000001bdb487cc00 Thread added: 0x000001bdb487cc00
Event: 0.041 Thread 0x000001bdb487dd80 Thread added: 0x000001bdb487dd80
Event: 0.064 Thread 0x000001bdb483ebb0 Thread added: 0x000001bdb483ebb0
Event: 0.074 Loaded shared library C:\Program Files\Java\jdk-18.0.2.1\bin\net.dll
Event: 0.075 Loaded shared library C:\Program Files\Java\jdk-18.0.2.1\bin\nio.dll
Event: 0.091 Thread 0x000001bdb8d13ba0 Thread added: 0x000001bdb8d13ba0
Event: 0.098 Thread 0x000001bdb8d7f410 Thread added: 0x000001bdb8d7f410
Event: 0.101 Loaded shared library C:\Program Files\Java\jdk-18.0.2.1\bin\zip.dll
Event: 0.113 Loaded shared library C:\Program Files\Java\jdk-18.0.2.1\bin\jimage.dll
Event: 0.123 Loaded shared library C:\Program Files\Java\jdk-18.0.2.1\bin\awt.dll


Dynamic libraries:
0x00007ff73e8e0000 - 0x00007ff73e8f0000 	C:\Program Files\Java\jdk-18.0.2.1\bin\java.exe
0x00007ffa0a710000 - 0x00007ffa0a927000 	C:\WINDOWS\SYSTEM32\ntdll.dll
0x00007ffa08dc0000 - 0x00007ffa08e84000 	C:\WINDOWS\System32\KERNEL32.DLL
0x00007ffa07b10000 - 0x00007ffa07eb6000 	C:\WINDOWS\System32\KERNELBASE.dll
0x00007ffa08320000 - 0x00007ffa08431000 	C:\WINDOWS\System32\ucrtbase.dll
0x00007ff9f57e0000 - 0x00007ff9f57f8000 	C:\Program Files\Java\jdk-18.0.2.1\bin\jli.dll
0x00007ffa09260000 - 0x00007ffa09310000 	C:\WINDOWS\System32\ADVAPI32.dll
0x00007ffa09410000 - 0x00007ffa094b7000 	C:\WINDOWS\System32\msvcrt.dll
0x00007ffa09310000 - 0x00007ffa093b6000 	C:\WINDOWS\System32\sechost.dll
0x00007ff9f5780000 - 0x00007ff9f579a000 	C:\Program Files\Java\jdk-18.0.2.1\bin\VCRUNTIME140.dll
0x00007ffa0a010000 - 0x00007ffa0a127000 	C:\WINDOWS\System32\RPCRT4.dll
0x00007ffa08ea0000 - 0x00007ffa0904e000 	C:\WINDOWS\System32\USER32.dll
0x00007ff9e0ad0000 - 0x00007ff9e0d63000 	C:\WINDOWS\WinSxS\amd64_microsoft.windows.common-controls_6595b64144ccf1df_6.0.22621.2361_none_2712ced57382f843\COMCTL32.dll
0x00007ffa08440000 - 0x00007ffa08466000 	C:\WINDOWS\System32\win32u.dll
0x00007ffa08bd0000 - 0x00007ffa08bf9000 	C:\WINDOWS\System32\GDI32.dll
0x00007ffa080a0000 - 0x00007ffa081b8000 	C:\WINDOWS\System32\gdi32full.dll
0x00007ffa08280000 - 0x00007ffa0831a000 	C:\WINDOWS\System32\msvcp_win.dll
0x00007ff9fd990000 - 0x00007ff9fd99a000 	C:\WINDOWS\SYSTEM32\VERSION.dll
0x00007ffa09710000 - 0x00007ffa09741000 	C:\WINDOWS\System32\IMM32.DLL
0x00007ff9fd260000 - 0x00007ff9fd26c000 	C:\Program Files\Java\jdk-18.0.2.1\bin\vcruntime140_1.dll
0x00007ff9d5550000 - 0x00007ff9d55dd000 	C:\Program Files\Java\jdk-18.0.2.1\bin\msvcp140.dll
0x00007ff9acb80000 - 0x00007ff9ad791000 	C:\Program Files\Java\jdk-18.0.2.1\bin\server\jvm.dll
0x00007ffa09550000 - 0x00007ffa09558000 	C:\WINDOWS\System32\PSAPI.DLL
0x00007ff9fd280000 - 0x00007ff9fd289000 	C:\WINDOWS\SYSTEM32\WSOCK32.dll
0x00007ff9fda50000 - 0x00007ff9fda84000 	C:\WINDOWS\SYSTEM32\WINMM.dll
0x00007ffa091e0000 - 0x00007ffa09251000 	C:\WINDOWS\System32\WS2_32.dll
0x00007ffa06bc0000 - 0x00007ffa06bd8000 	C:\WINDOWS\SYSTEM32\kernel.appcore.dll
0x00007ff9fc280000 - 0x00007ff9fc28a000 	C:\Program Files\Java\jdk-18.0.2.1\bin\jimage.dll
0x00007ffa053b0000 - 0x00007ffa055de000 	C:\WINDOWS\SYSTEM32\DBGHELP.DLL
0x00007ffa0a130000 - 0x00007ffa0a4ba000 	C:\WINDOWS\System32\combase.dll
0x00007ffa08af0000 - 0x00007ffa08bc7000 	C:\WINDOWS\System32\OLEAUT32.dll
0x00007ff9f8520000 - 0x00007ff9f8552000 	C:\WINDOWS\SYSTEM32\dbgcore.DLL
0x00007ffa07a90000 - 0x00007ffa07b0a000 	C:\WINDOWS\System32\bcryptPrimitives.dll
0x00007ff9e8e60000 - 0x00007ff9e8e85000 	C:\Program Files\Java\jdk-18.0.2.1\bin\java.dll
0x00007ff9b9770000 - 0x00007ff9b9846000 	C:\Program Files\Java\jdk-18.0.2.1\bin\jsvml.dll
0x00007ffa097b0000 - 0x00007ffa0a008000 	C:\WINDOWS\System32\SHELL32.dll
0x00007ffa059c0000 - 0x00007ffa062b2000 	C:\WINDOWS\SYSTEM32\windows.storage.dll
0x00007ffa05880000 - 0x00007ffa059be000 	C:\WINDOWS\SYSTEM32\wintypes.dll
0x00007ffa09610000 - 0x00007ffa09703000 	C:\WINDOWS\System32\SHCORE.dll
0x00007ffa09750000 - 0x00007ffa097ae000 	C:\WINDOWS\System32\shlwapi.dll
0x00007ffa079c0000 - 0x00007ffa079e6000 	C:\WINDOWS\SYSTEM32\profapi.dll
0x00007ff9ee1f0000 - 0x00007ff9ee203000 	C:\Program Files\Java\jdk-18.0.2.1\bin\net.dll
0x00007ff9ff820000 - 0x00007ff9ff957000 	C:\WINDOWS\SYSTEM32\WINHTTP.dll
0x00007ffa07040000 - 0x00007ffa070a9000 	C:\WINDOWS\system32\mswsock.dll
0x00007ff9ed280000 - 0x00007ff9ed296000 	C:\Program Files\Java\jdk-18.0.2.1\bin\nio.dll
0x00007ff9ebb70000 - 0x00007ff9ebb88000 	C:\Program Files\Java\jdk-18.0.2.1\bin\zip.dll
0x00007ff9b3ca0000 - 0x00007ff9b3e2f000 	C:\Program Files\Java\jdk-18.0.2.1\bin\awt.dll
0x00007ffa021f0000 - 0x00007ffa02287000 	C:\WINDOWS\SYSTEM32\apphelp.dll

dbghelp: loaded successfully - version: 4.0.5 - missing functions: none
symbol engine: initialized successfully - sym options: 0x614 - pdb path: .;C:\Program Files\Java\jdk-18.0.2.1\bin;C:\WINDOWS\SYSTEM32;C:\WINDOWS\WinSxS\amd64_microsoft.windows.common-controls_6595b64144ccf1df_6.0.22621.2361_none_2712ced57382f843;C:\Program Files\Java\jdk-18.0.2.1\bin\server

VM Arguments:
jvm_args: -Dfile.encoding=UTF-8 --module-path=C:\Users\ashut\OneDrive\Desktop\project\Hotel management system\build\classes 
java_command: hotel.management.system.updateroomstatus
java_class_path (initial): C:\Users\ashut\Downloads\hotel management\mysql-connector-java-8.0.28.jar;C:\Users\ashut\Downloads\hotel management\rs2xml.jar;C:\Users\ashut\OneDrive\Desktop\project\Hotel management system\build\classes
Launcher Type: SUN_STANDARD

[Global flags]
     intx CICompilerCount                          = 4                                         {product} {ergonomic}
     uint ConcGCThreads                            = 2                                         {product} {ergonomic}
     uint G1ConcRefinementThreads                  = 8                                         {product} {ergonomic}
   size_t G1HeapRegionSize                         = 2097152                                   {product} {ergonomic}
    uintx GCDrainStackTargetSize                   = 64                                        {product} {ergonomic}
   size_t InitialHeapSize                          = 266338304                                 {product} {ergonomic}
   size_t MarkStackSize                            = 4194304                                   {product} {ergonomic}
   size_t MaxHeapSize                              = 4234149888                                {product} {ergonomic}
   size_t MaxNewSize                               = 2539651072                                {product} {ergonomic}
   size_t MinHeapDeltaBytes                        = 2097152                                   {product} {ergonomic}
   size_t MinHeapSize                              = 8388608                                   {product} {ergonomic}
    uintx NonNMethodCodeHeapSize                   = 5839372                                {pd product} {ergonomic}
    uintx NonProfiledCodeHeapSize                  = 122909434                              {pd product} {ergonomic}
    uintx ProfiledCodeHeapSize                     = 122909434                              {pd product} {ergonomic}
    uintx ReservedCodeCacheSize                    = 251658240                              {pd product} {ergonomic}
     bool SegmentedCodeCache                       = true                                      {product} {ergonomic}
   size_t SoftMaxHeapSize                          = 4234149888                             {manageable} {ergonomic}
     bool UseCompressedClassPointers               = true                           {product lp64_product} {ergonomic}
     bool UseCompressedOops                        = true                           {product lp64_product} {ergonomic}
     bool UseG1GC                                  = true                                      {product} {ergonomic}
     bool UseLargePagesIndividualAllocation        = false                                  {pd product} {ergonomic}

Logging:
Log output configuration:
 #0: stdout all=warning uptime,level,tags foldmultilines=false
 #1: stderr all=off uptime,level,tags foldmultilines=false

Environment Variables:
PATH=C:\Program Files\Common Files\Oracle\Java\javapath;C:\Program Files\Python311\Scripts\;C:\Program Files\Python311\;C:\windows\system32;C:\windows;C:\windows\System32\Wbem;C:\windows\System32\WindowsPowerShell\v1.0\;C:\windows\System32\OpenSSH\;C:\Program Files (x86)\NVIDIA Corporation\PhysX\Common;C:\Program Files\NVIDIA Corporation\NVIDIA NvDLISR;C:\WINDOWS\system32;C:\WINDOWS;C:\WINDOWS\System32\Wbem;C:\WINDOWS\System32\WindowsPowerShell\v1.0\;C:\WINDOWS\System32\OpenSSH\;C:\Program Files\Git\cmd;C:\Program Files\MySQL\MySQL Shell 8.0\bin\;C:\Users\ashut\AppData\Local\Microsoft\WindowsApps;C:\Users\ashut\AppData\Local\Programs\Microsoft VS Code\bin;C:\Program Files\JetBrains\IntelliJ IDEA Community Edition 2022.2.1\bin;;C:\Program Files\JetBrains\PyCharm Community Edition 2022.3\bin;;C:\Program Files\Java\jdk-18.0.2.1\bin;
USERNAME=ashut
OS=Windows_NT
PROCESSOR_IDENTIFIER=Intel64 Family 6 Model 140 Stepping 1, GenuineIntel



---------------  S Y S T E M  ---------------

OS:
 Windows 11 , 64 bit Build 22621 (10.0.22621.2361)
OS uptime: 7 days 5:21 hours
Hyper-V role detected

CPU: total 8 (initial active 8) (4 cores per cpu, 2 threads per core) family 6 model 140 stepping 1 microcode 0x9a, cx8, cmov, fxsr, ht, mmx, 3dnowpref, sse, sse2, sse3, ssse3, sse4.1, sse4.2, popcnt, lzcnt, tsc, tscinvbit, avx, avx2, aes, erms, clmul, bmi1, bmi2, adx, avx512f, avx512dq, avx512cd, avx512bw, avx512vl, sha, fma, vzeroupper, avx512_vpopcntdq, avx512_vpclmulqdq, avx512_vaes, avx512_vnni, clflush, clflushopt, clwb, avx512_vbmi2, avx512_vbmi, hv

Memory: 4k page, system-wide physical 16149M (2239M free)
TotalPageFile size 49907M (AvailPageFile size 4M)
current process WorkingSet (physical memory assigned to process): 38M, peak: 38M
current process commit charge ("private bytes"): 344M, peak: 344M

vm_info: Java HotSpot(TM) 64-Bit Server VM (18.0.2.1+1-1) for windows-amd64 JRE (18.0.2.1+1-1), built on Aug 16 2022 01:46:33 by "mach5one" with MS VC++ 16.8 / 16.9 (VS2019)

END.
